<?xml version="1.0" encoding="UTF-8"?>
<testng-results skipped="0" failed="0" total="1" passed="1">
  <reporter-output>
  </reporter-output>
  <suite name="Default suite" duration-ms="113129" started-at="2016-03-15T02:01:13Z" finished-at="2016-03-15T02:03:06Z">
    <groups>
    </groups>
    <test name="Default test" duration-ms="113129" started-at="2016-03-15T02:01:13Z" finished-at="2016-03-15T02:03:06Z">
      <class name="com.ejemplo.test.testEjemplo">
        <test-method status="PASS" signature="testHolaMundo()[pri:0, instance:com.ejemplo.test.testEjemplo@52f2a2]" name="testHolaMundo" duration-ms="95652" started-at="2016-03-14T23:01:13Z" finished-at="2016-03-14T23:02:49Z">
          <reporter-output>
          </reporter-output>
        </test-method> <!-- testHolaMundo -->
      </class> <!-- com.ejemplo.test.testEjemplo -->
    </test> <!-- Default test -->
  </suite> <!-- Default suite -->
</testng-results>
